[backblue.gif]
[fade.gif]
[index.html]
[localhost/profile/feed/index.html]
[localhost/profile/comments/feed/index.html]
[localhost/profile/wp-json/index.html]
[localhost/profile/wp-json/wp/v2/pages/6.json]
[localhost/profile/xmlrpc0db0.php]
[localhost/profile/wp-includes/wlwmanifest.xml]
[localhost/profile/wp-json/oembed/1.0/embeddaae.json]
[localhost/profile/wp-json/oembed/1.0/embed1169]
[localhost/profile/wp-content/uploads/2021/12/cropped-A.anand-removebg-preview.png]
[localhost/profile/wp-content/uploads/2021/12/Snapchat-446033947-modified.png]
[localhost/profile/wp-content/uploads/2021/05/portfolio-01-free-img.jpg]
[localhost/profile/wp-content/uploads/2021/05/portfolio-03-free-img.jpg]
[localhost/profile/wp-content/uploads/2021/05/portfolio-02-free-img.jpg]
[localhost/profile/wp-content/uploads/2021/05/portfolio-05-free-img.jpg]
[localhost/profile/wp-content/uploads/2021/05/portfolio-04-free-img.jpg]
[localhost/profile/wp-content/uploads/2021/05/portfolio-06-free-img.jpg]
[localhost/profile/wp-content/themes/astra/assets/js/minified/frontend.min3430.js]
[localhost/profile/wp-includes/js/wp-embed.min080f.js]
[localhost/profile/wp-content/plugins/elementor-pro/assets/js/webpack-pro.runtime.min5589.js]
[localhost/profile/wp-content/plugins/elementor/assets/js/webpack.runtime.min3b71.js]
[localhost/profile/wp-includes/js/jquery/jquery.minaf6c.js]
[localhost/profile/wp-includes/js/jquery/jquery-migrate.mind617.js]
[localhost/profile/wp-content/plugins/elementor/assets/js/frontend-modules.min3b71.js]
[localhost/profile/wp-content/plugins/elementor-pro/assets/js/frontend.min5589.js]
[localhost/profile/wp-content/plugins/elementor/assets/lib/waypoints/waypoints.min05da.js]
[localhost/profile/wp-includes/js/jquery/ui/core.min35d0.js]
[localhost/profile/wp-content/plugins/elementor/assets/js/frontend.min3b71.js]
[localhost/profile/wp-content/plugins/elementor-pro/assets/js/elements-handlers.min5589.js]
[localhost/profile/wp-includes/js/underscore.min0028.js]
[localhost/profile/wp-includes/js/wp-util.min080f.js]
[localhost/profile/wp-content/plugins/wpforms-lite/assets/js/integrations/elementor/frontend.min2739.js]
[localhost/profile/index.html]
[localhost/profile/wp-content/themes/astra/assets/css/minified/main.min3430.css]
[localhost/profile/wp-includes/css/dist/block-library/style.min080f.css]
[localhost/profile/wp-content/plugins/elementor/assets/lib/eicons/fonts/eiconsc387.eot]
[localhost/profile/wp-content/plugins/elementor/assets/lib/eicons/fonts/eiconsc387.woff2]
[localhost/profile/wp-content/plugins/elementor/assets/lib/eicons/fonts/eiconsc387.woff]
[localhost/profile/wp-content/plugins/elementor/assets/lib/eicons/fonts/eiconsc387.ttf]
[localhost/profile/wp-content/plugins/elementor/assets/lib/eicons/css/elementor-icons.min05c8.css]
[localhost/profile/wp-content/plugins/elementor/assets/css/frontend-lite.min3b71.css]
[localhost/profile/wp-content/uploads/elementor/css/post-5165d12.css]
[localhost/profile/wp-content/plugins/elementor-pro/assets/css/frontend-lite.min5589.css]
[localhost/profile/wp-content/uploads/2021/05/bg-02-free-img.png]
[localhost/profile/wp-content/uploads/2021/12/IMG20210831155039-1-scaled.jpg]
[localhost/profile/wp-content/uploads/elementor/css/post-6b734.css]
[localhost/profile/wp-content/plugins/elementor/assets/lib/font-awesome/css/fontawesome.min52d5.css]
[localhost/profile/wp-content/plugins/elementor/assets/lib/font-awesome/webfonts/fa-solid-900.eot]
[localhost/profile/wp-content/plugins/elementor/assets/lib/font-awesome/webfonts/fa-solid-900.woff2]
[localhost/profile/wp-content/plugins/elementor/assets/lib/font-awesome/webfonts/fa-solid-900d41d.eot]
[localhost/profile/wp-content/plugins/elementor/assets/lib/font-awesome/webfonts/fa-solid-900.woff]
[localhost/profile/wp-content/plugins/elementor/assets/lib/font-awesome/webfonts/fa-solid-900.ttf]
[localhost/profile/wp-content/plugins/elementor/assets/lib/font-awesome/css/solid.min52d5.css]
[localhost/profile/wp-content/plugins/elementor/assets/lib/font-awesome/webfonts/fa-brands-400.eot]
[localhost/profile/wp-content/plugins/elementor/assets/lib/font-awesome/webfonts/fa-brands-400.woff2]
[localhost/profile/wp-content/plugins/elementor/assets/lib/font-awesome/webfonts/fa-brands-400d41d.eot]
[localhost/profile/wp-content/plugins/elementor/assets/lib/font-awesome/webfonts/fa-brands-400.woff]
[localhost/profile/wp-content/plugins/elementor/assets/lib/font-awesome/webfonts/fa-brands-400.ttf]
[localhost/profile/wp-content/plugins/elementor/assets/lib/font-awesome/css/brands.min52d5.css]
[localhost/profile/wp-json/wp/v2/pages/10.json]
[localhost/profile/wp-json/oembed/1.0/embed46f4.json]
[localhost/profile/wp-json/oembed/1.0/embed7da4]
[localhost/profile/wp-content/uploads/2021/05/bg-06-free-img.jpg]
[localhost/profile/about/index.html]
[localhost/profile/wp-json/wp/v2/pages/517.json]
[localhost/profile/wp-json/oembed/1.0/embed3f50.json]
[localhost/profile/wp-json/oembed/1.0/embed5c87]
[localhost/profile/services/index.html]
[localhost/profile/wp-content/uploads/2021/05/bg-03-free-img.jpg]
[localhost/profile/wp-json/wp/v2/pages/14.json]
[localhost/profile/wp-json/oembed/1.0/embedc2ac.json]
[localhost/profile/wp-json/oembed/1.0/embed2efd]
[localhost/profile/wp-content/uploads/2021/05/bg-05-free-img.jpg]
[localhost/profile/wp-content/uploads/2021/05/portfolio-07-free-img.jpg]
[localhost/profile/wp-content/uploads/2021/05/portfolio-09-free-img.jpg]
[localhost/profile/wp-content/uploads/2021/05/portfolio-08-free-img.jpg]
[localhost/profile/portfolio/index.html]
[localhost/profile/wp-json/wp/v2/pages/16.json]
[localhost/profile/wp-json/oembed/1.0/embed762e.json]
[localhost/profile/wp-json/oembed/1.0/embedc30f]
[localhost/profile/wp-content/uploads/2021/05/bg-04-free-img.jpg]
[localhost/profile/wp-content/plugins/wpforms-lite/assets/js/jquery.validate.min6134.js]
[localhost/profile/wp-content/plugins/wpforms-lite/assets/js/mailcheck.mincfa9.js]
[localhost/profile/wp-content/plugins/wpforms-lite/assets/js/punycode.min8a54.js]
[localhost/profile/wp-content/plugins/wpforms-lite/assets/js/wpforms2739.js]
[localhost/profile/contact/index.html]
[localhost/profile/wp-content/themes/astra/assets/css/minified/galleries.min3430.css]
[localhost/profile/wp-content/plugins/elementor/assets/lib/animations/animations.min3b71.css]
[localhost/profile/wp-content/plugins/elementor/assets/lib/eicons/fonts/eiconsc387.svg]
[localhost/profile/wp-content/plugins/elementor/assets/lib/font-awesome/webfonts/fa-solid-900.svg]
[localhost/profile/wp-content/plugins/elementor/assets/lib/font-awesome/webfonts/fa-brands-400.svg]
[localhost/profile/wp-content/uploads/2021/05/bg-01-free-img.jpg]
[localhost/profile/wp-content/uploads/elementor/css/post-109bd5.css]
[localhost/profile/index64b4.html]
[localhost/profile/wp-content/uploads/elementor/css/post-5177241.css]
[localhost/profile/wp-content/plugins/elementor/assets/lib/font-awesome/webfonts/fa-regular-400.eot]
[localhost/profile/wp-content/plugins/elementor/assets/lib/font-awesome/webfonts/fa-regular-400.woff2]
[localhost/profile/wp-content/plugins/elementor/assets/lib/font-awesome/webfonts/fa-regular-400d41d.eot]
[localhost/profile/wp-content/plugins/elementor/assets/lib/font-awesome/webfonts/fa-regular-400.woff]
[localhost/profile/wp-content/plugins/elementor/assets/lib/font-awesome/webfonts/fa-regular-400.ttf]
[localhost/profile/wp-content/plugins/elementor/assets/lib/font-awesome/css/regular.min52d5.css]
[localhost/profile/index728e.html]
[localhost/profile/wp-content/uploads/elementor/css/post-148c85.css]
[localhost/profile/index0b69.html]
[localhost/profile/wp-content/plugins/wpforms-lite/assets/css/wpforms-base.min2739.css]
[localhost/profile/wp-content/uploads/elementor/css/post-169ff2.css]
[localhost/profile/index0e62.html]
[localhost/profile/wp-content/plugins/elementor/assets/lib/font-awesome/webfonts/fa-regular-400.svg]
[localhost/profile/wp-content/plugins/wpforms-lite/assets/images/times-solid-white.svg]
